<?xml version="1.0" encoding="UTF-8"?>
<testng-results ignored="0" total="2" passed="2" failed="0" skipped="0">
  <reporter-output>
  </reporter-output>
  <suite started-at="2023-03-31T14:36:17 IST" name="TestSuite" finished-at="2023-03-31T14:36:36 IST" duration-ms="18363">
    <groups>
    </groups>
    <test started-at="2023-03-31T14:36:17 IST" name="Submit Order Test" finished-at="2023-03-31T14:36:36 IST" duration-ms="18363">
      <class name="Deepak.tests.ErrorValidation">
        <test-method is-config="true" signature="launchApplication()[pri:0, instance:Deepak.tests.ErrorValidation@1c33c17b]" started-at="2023-03-31T14:36:17 IST" name="launchApplication" finished-at="2023-03-31T14:36:25 IST" duration-ms="7263" status="PASS">
          <reporter-output>
          </reporter-output>
        </test-method> <!-- launchApplication -->
        <test-method signature="errorValidation()[pri:0, instance:Deepak.tests.ErrorValidation@1c33c17b]" started-at="2023-03-31T14:36:25 IST" name="errorValidation" finished-at="2023-03-31T14:36:26 IST" duration-ms="1007" status="PASS">
          <reporter-output>
          </reporter-output>
        </test-method> <!-- errorValidation -->
        <test-method is-config="true" signature="tearDown()[pri:0, instance:Deepak.tests.ErrorValidation@1c33c17b]" started-at="2023-03-31T14:36:26 IST" name="tearDown" finished-at="2023-03-31T14:36:26 IST" duration-ms="133" status="PASS">
          <reporter-output>
          </reporter-output>
        </test-method> <!-- tearDown -->
        <test-method is-config="true" signature="launchApplication()[pri:0, instance:Deepak.tests.ErrorValidation@1c33c17b]" started-at="2023-03-31T14:36:26 IST" name="launchApplication" finished-at="2023-03-31T14:36:30 IST" duration-ms="3965" status="PASS">
          <reporter-output>
          </reporter-output>
        </test-method> <!-- launchApplication -->
        <test-method signature="productErrorValidation()[pri:0, instance:Deepak.tests.ErrorValidation@1c33c17b]" started-at="2023-03-31T14:36:30 IST" name="productErrorValidation" finished-at="2023-03-31T14:36:36 IST" duration-ms="5844" status="PASS">
          <reporter-output>
          </reporter-output>
        </test-method> <!-- productErrorValidation -->
        <test-method is-config="true" signature="tearDown()[pri:0, instance:Deepak.tests.ErrorValidation@1c33c17b]" started-at="2023-03-31T14:36:36 IST" name="tearDown" finished-at="2023-03-31T14:36:36 IST" duration-ms="95" status="PASS">
          <reporter-output>
          </reporter-output>
        </test-method> <!-- tearDown -->
      </class> <!-- Deepak.tests.ErrorValidation -->
    </test> <!-- Submit Order Test -->
  </suite> <!-- TestSuite -->
</testng-results>
